2021-03-04 01:35:42,133 WARN  [SoapUI] Missing folder [C:\Users\IBMADMIN\Documents\Python training\API\API Project\Soap Project\my-app\ext] for external libraries
2021-03-04 01:35:42,555 INFO  [DefaultSoapUICore] initialized soapui-settings from [C:\Users\IBMADMIN\soapui-settings.xml]
2021-03-04 01:35:45,569 WARN  [SoapUI] Plugin 'ready-uxm-plugin-os-1.0.3.jar' is not loaded because it hasn't been signed by SmartBear Software.
2021-03-04 01:35:46,604 INFO  [PluginManager] Adding plugin from [C:\Users\IBMADMIN\.soapuios\plugins\ready-mqtt-plugin-dist.jar]
2021-03-04 01:35:46,605 INFO  [PluginManager] Adding plugin from [C:\Users\IBMADMIN\.soapuios\plugins\soapui-swagger-plugin-2.2-dist.jar]
2021-03-04 01:35:48,131 ERROR [SoapUI] An error occurred [com.eviware.soapui.plugins.auto.factories.AutoImportMethodFactory], see error log for details
2021-03-04 01:35:48,137 ERROR [errorlog] java.lang.ClassNotFoundException: com.eviware.soapui.plugins.auto.factories.AutoImportMethodFactory
java.lang.ClassNotFoundException: com.eviware.soapui.plugins.auto.factories.AutoImportMethodFactory
	at org.codehaus.plexus.classworlds.strategy.SelfFirstStrategy.loadClass(SelfFirstStrategy.java:50)
	at org.codehaus.plexus.classworlds.realm.ClassRealm.unsynchronizedLoadClass(ClassRealm.java:271)
	at org.codehaus.plexus.classworlds.realm.ClassRealm.loadClass(ClassRealm.java:247)
	at org.codehaus.plexus.classworlds.realm.ClassRealm.loadClass(ClassRealm.java:239)
	at java.lang.Class.forName0(Native Method)
	at java.lang.Class.forName(Class.java:264)
	at com.eviware.soapui.plugins.LoaderBase.loadAutoFactories(LoaderBase.java:113)
	at com.eviware.soapui.plugins.LoaderBase.loadFactories(LoaderBase.java:80)
	at com.eviware.soapui.plugins.PluginLoader.loadPluginFactories(PluginLoader.java:141)
	at com.eviware.soapui.plugins.PluginLoader.loadPlugin(PluginLoader.java:104)
	at com.eviware.soapui.plugins.PluginLoader.loadPlugin(PluginLoader.java:54)
	at com.eviware.soapui.plugins.PluginManager.doInstallPlugin(PluginManager.java:141)
	at com.eviware.soapui.plugins.PluginManager.access$600(PluginManager.java:43)
	at com.eviware.soapui.plugins.PluginManager$LoadPluginsTask.computeSequentially(PluginManager.java:420)
	at com.eviware.soapui.plugins.PluginManager$LoadPluginsTask.compute(PluginManager.java:377)
	at com.eviware.soapui.plugins.PluginManager$LoadPluginsTask.compute(PluginManager.java:382)
	at com.eviware.soapui.plugins.PluginManager$LoadPluginsTask.compute(PluginManager.java:365)
	at java.util.concurrent.RecursiveTask.exec(RecursiveTask.java:94)
	at java.util.concurrent.ForkJoinTask.doExec(ForkJoinTask.java:289)
	at java.util.concurrent.ForkJoinPool$WorkQueue.runTask(ForkJoinPool.java:1056)
	at java.util.concurrent.ForkJoinPool.runWorker(ForkJoinPool.java:1692)
	at java.util.concurrent.ForkJoinWorkerThread.run(ForkJoinWorkerThread.java:172)
2021-03-04 01:35:48,328 ERROR [SoapUI] An error occurred [com.eviware.soapui.plugins.auto.factories.AutoDiscoveryMethodFactory], see error log for details
2021-03-04 01:35:48,331 ERROR [errorlog] java.lang.ClassNotFoundException: com.eviware.soapui.plugins.auto.factories.AutoDiscoveryMethodFactory
java.lang.ClassNotFoundException: com.eviware.soapui.plugins.auto.factories.AutoDiscoveryMethodFactory
	at org.codehaus.plexus.classworlds.strategy.SelfFirstStrategy.loadClass(SelfFirstStrategy.java:50)
	at org.codehaus.plexus.classworlds.realm.ClassRealm.unsynchronizedLoadClass(ClassRealm.java:271)
	at org.codehaus.plexus.classworlds.realm.ClassRealm.loadClass(ClassRealm.java:247)
	at org.codehaus.plexus.classworlds.realm.ClassRealm.loadClass(ClassRealm.java:239)
	at java.lang.Class.forName0(Native Method)
	at java.lang.Class.forName(Class.java:264)
	at com.eviware.soapui.plugins.LoaderBase.loadAutoFactories(LoaderBase.java:113)
	at com.eviware.soapui.plugins.LoaderBase.loadFactories(LoaderBase.java:80)
	at com.eviware.soapui.plugins.PluginLoader.loadPluginFactories(PluginLoader.java:141)
	at com.eviware.soapui.plugins.PluginLoader.loadPlugin(PluginLoader.java:104)
	at com.eviware.soapui.plugins.PluginLoader.loadPlugin(PluginLoader.java:54)
	at com.eviware.soapui.plugins.PluginManager.doInstallPlugin(PluginManager.java:141)
	at com.eviware.soapui.plugins.PluginManager.access$600(PluginManager.java:43)
	at com.eviware.soapui.plugins.PluginManager$LoadPluginsTask.computeSequentially(PluginManager.java:420)
	at com.eviware.soapui.plugins.PluginManager$LoadPluginsTask.compute(PluginManager.java:377)
	at com.eviware.soapui.plugins.PluginManager$LoadPluginsTask.compute(PluginManager.java:382)
	at com.eviware.soapui.plugins.PluginManager$LoadPluginsTask.compute(PluginManager.java:365)
	at java.util.concurrent.RecursiveTask.exec(RecursiveTask.java:94)
	at java.util.concurrent.ForkJoinTask.doExec(ForkJoinTask.java:289)
	at java.util.concurrent.ForkJoinPool$WorkQueue.runTask(ForkJoinPool.java:1056)
	at java.util.concurrent.ForkJoinPool.runWorker(ForkJoinPool.java:1692)
	at java.util.concurrent.ForkJoinWorkerThread.run(ForkJoinWorkerThread.java:172)
2021-03-04 01:35:48,435 ERROR [SoapUI] An error occurred [com.eviware.soapui.plugins.auto.factories.AutoImportMethodFactory], see error log for details
2021-03-04 01:35:48,437 ERROR [errorlog] java.lang.ClassNotFoundException: com.eviware.soapui.plugins.auto.factories.AutoImportMethodFactory
java.lang.ClassNotFoundException: com.eviware.soapui.plugins.auto.factories.AutoImportMethodFactory
	at org.codehaus.plexus.classworlds.strategy.SelfFirstStrategy.loadClass(SelfFirstStrategy.java:50)
	at org.codehaus.plexus.classworlds.realm.ClassRealm.unsynchronizedLoadClass(ClassRealm.java:271)
	at org.codehaus.plexus.classworlds.realm.ClassRealm.loadClass(ClassRealm.java:247)
	at org.codehaus.plexus.classworlds.realm.ClassRealm.loadClass(ClassRealm.java:239)
	at java.lang.Class.forName0(Native Method)
	at java.lang.Class.forName(Class.java:264)
	at com.eviware.soapui.plugins.LoaderBase.loadAutoFactories(LoaderBase.java:113)
	at com.eviware.soapui.plugins.LoaderBase.loadFactories(LoaderBase.java:80)
	at com.eviware.soapui.plugins.PluginLoader.loadPluginFactories(PluginLoader.java:141)
	at com.eviware.soapui.plugins.PluginLoader.loadPlugin(PluginLoader.java:104)
	at com.eviware.soapui.plugins.PluginLoader.loadPlugin(PluginLoader.java:54)
	at com.eviware.soapui.plugins.PluginManager.doInstallPlugin(PluginManager.java:141)
	at com.eviware.soapui.plugins.PluginManager.access$600(PluginManager.java:43)
	at com.eviware.soapui.plugins.PluginManager$LoadPluginsTask.computeSequentially(PluginManager.java:420)
	at com.eviware.soapui.plugins.PluginManager$LoadPluginsTask.compute(PluginManager.java:377)
	at com.eviware.soapui.plugins.PluginManager$LoadPluginsTask.compute(PluginManager.java:365)
	at java.util.concurrent.RecursiveTask.exec(RecursiveTask.java:94)
	at java.util.concurrent.ForkJoinTask.doExec(ForkJoinTask.java:289)
	at java.util.concurrent.ForkJoinPool$WorkQueue.runTask(ForkJoinPool.java:1056)
	at java.util.concurrent.ForkJoinPool.runWorker(ForkJoinPool.java:1692)
	at java.util.concurrent.ForkJoinWorkerThread.run(ForkJoinWorkerThread.java:172)
2021-03-04 01:35:48,500 INFO  [PluginManager] Adding plugin from [C:\Users\IBMADMIN\.soapuios\plugins\ready-uxm-plugin-1.0.1-dist.jar]
2021-03-04 01:35:48,603 ERROR [SoapUI] An error occurred [com.eviware.soapui.plugins.auto.factories.AutoDiscoveryMethodFactory], see error log for details
2021-03-04 01:35:48,605 ERROR [errorlog] java.lang.ClassNotFoundException: com.eviware.soapui.plugins.auto.factories.AutoDiscoveryMethodFactory
java.lang.ClassNotFoundException: com.eviware.soapui.plugins.auto.factories.AutoDiscoveryMethodFactory
	at org.codehaus.plexus.classworlds.strategy.SelfFirstStrategy.loadClass(SelfFirstStrategy.java:50)
	at org.codehaus.plexus.classworlds.realm.ClassRealm.unsynchronizedLoadClass(ClassRealm.java:271)
	at org.codehaus.plexus.classworlds.realm.ClassRealm.loadClass(ClassRealm.java:247)
	at org.codehaus.plexus.classworlds.realm.ClassRealm.loadClass(ClassRealm.java:239)
	at java.lang.Class.forName0(Native Method)
	at java.lang.Class.forName(Class.java:264)
	at com.eviware.soapui.plugins.LoaderBase.loadAutoFactories(LoaderBase.java:113)
	at com.eviware.soapui.plugins.LoaderBase.loadFactories(LoaderBase.java:80)
	at com.eviware.soapui.plugins.PluginLoader.loadPluginFactories(PluginLoader.java:141)
	at com.eviware.soapui.plugins.PluginLoader.loadPlugin(PluginLoader.java:104)
	at com.eviware.soapui.plugins.PluginLoader.loadPlugin(PluginLoader.java:54)
	at com.eviware.soapui.plugins.PluginManager.doInstallPlugin(PluginManager.java:141)
	at com.eviware.soapui.plugins.PluginManager.access$600(PluginManager.java:43)
	at com.eviware.soapui.plugins.PluginManager$LoadPluginsTask.computeSequentially(PluginManager.java:420)
	at com.eviware.soapui.plugins.PluginManager$LoadPluginsTask.compute(PluginManager.java:377)
	at com.eviware.soapui.plugins.PluginManager$LoadPluginsTask.compute(PluginManager.java:365)
	at java.util.concurrent.RecursiveTask.exec(RecursiveTask.java:94)
	at java.util.concurrent.ForkJoinTask.doExec(ForkJoinTask.java:289)
	at java.util.concurrent.ForkJoinPool$WorkQueue.runTask(ForkJoinPool.java:1056)
	at java.util.concurrent.ForkJoinPool.runWorker(ForkJoinPool.java:1692)
	at java.util.concurrent.ForkJoinWorkerThread.run(ForkJoinWorkerThread.java:172)
2021-03-04 01:35:48,744 INFO  [PluginManager] Adding plugin from [C:\Users\IBMADMIN\.soapuios\plugins\readyapi-postman-1.0.1.jar]
2021-03-04 01:35:50,018 ERROR [SoapUI] An error occurred [com.eviware.soapui.plugins.auto.factories.AutoImportMethodFactory], see error log for details
2021-03-04 01:35:50,020 ERROR [errorlog] java.lang.ClassNotFoundException: com.eviware.soapui.plugins.auto.factories.AutoImportMethodFactory
java.lang.ClassNotFoundException: com.eviware.soapui.plugins.auto.factories.AutoImportMethodFactory
	at org.codehaus.plexus.classworlds.strategy.SelfFirstStrategy.loadClass(SelfFirstStrategy.java:50)
	at org.codehaus.plexus.classworlds.realm.ClassRealm.unsynchronizedLoadClass(ClassRealm.java:271)
	at org.codehaus.plexus.classworlds.realm.ClassRealm.loadClass(ClassRealm.java:247)
	at org.codehaus.plexus.classworlds.realm.ClassRealm.loadClass(ClassRealm.java:239)
	at java.lang.Class.forName0(Native Method)
	at java.lang.Class.forName(Class.java:264)
	at com.eviware.soapui.plugins.LoaderBase.loadAutoFactories(LoaderBase.java:113)
	at com.eviware.soapui.plugins.LoaderBase.loadFactories(LoaderBase.java:80)
	at com.eviware.soapui.plugins.PluginLoader.loadPluginFactories(PluginLoader.java:141)
	at com.eviware.soapui.plugins.PluginLoader.loadPlugin(PluginLoader.java:104)
	at com.eviware.soapui.plugins.PluginLoader.loadPlugin(PluginLoader.java:54)
	at com.eviware.soapui.plugins.PluginManager.doInstallPlugin(PluginManager.java:141)
	at com.eviware.soapui.plugins.PluginManager.access$600(PluginManager.java:43)
	at com.eviware.soapui.plugins.PluginManager$LoadPluginsTask.computeSequentially(PluginManager.java:420)
	at com.eviware.soapui.plugins.PluginManager$LoadPluginsTask.compute(PluginManager.java:377)
	at com.eviware.soapui.plugins.PluginManager$LoadPluginsTask.compute(PluginManager.java:365)
	at java.util.concurrent.RecursiveTask.exec(RecursiveTask.java:94)
	at java.util.concurrent.ForkJoinTask.doExec(ForkJoinTask.java:289)
	at java.util.concurrent.ForkJoinPool$WorkQueue.runTask(ForkJoinPool.java:1056)
	at java.util.concurrent.ForkJoinPool.runWorker(ForkJoinPool.java:1692)
	at java.util.concurrent.ForkJoinWorkerThread.run(ForkJoinWorkerThread.java:172)
2021-03-04 01:35:50,091 ERROR [SoapUI] An error occurred [com.eviware.soapui.plugins.auto.factories.AutoImportMethodFactory], see error log for details
2021-03-04 01:35:50,092 ERROR [errorlog] java.lang.ClassNotFoundException: com.eviware.soapui.plugins.auto.factories.AutoImportMethodFactory
java.lang.ClassNotFoundException: com.eviware.soapui.plugins.auto.factories.AutoImportMethodFactory
	at org.codehaus.plexus.classworlds.strategy.SelfFirstStrategy.loadClass(SelfFirstStrategy.java:50)
	at org.codehaus.plexus.classworlds.realm.ClassRealm.unsynchronizedLoadClass(ClassRealm.java:271)
	at org.codehaus.plexus.classworlds.realm.ClassRealm.loadClass(ClassRealm.java:247)
	at org.codehaus.plexus.classworlds.realm.ClassRealm.loadClass(ClassRealm.java:239)
	at java.lang.Class.forName0(Native Method)
	at java.lang.Class.forName(Class.java:264)
	at com.eviware.soapui.plugins.LoaderBase.loadAutoFactories(LoaderBase.java:113)
	at com.eviware.soapui.plugins.LoaderBase.loadFactories(LoaderBase.java:80)
	at com.eviware.soapui.plugins.PluginLoader.loadPluginFactories(PluginLoader.java:141)
	at com.eviware.soapui.plugins.PluginLoader.loadPlugin(PluginLoader.java:104)
	at com.eviware.soapui.plugins.PluginLoader.loadPlugin(PluginLoader.java:54)
	at com.eviware.soapui.plugins.PluginManager.doInstallPlugin(PluginManager.java:141)
	at com.eviware.soapui.plugins.PluginManager.access$600(PluginManager.java:43)
	at com.eviware.soapui.plugins.PluginManager$LoadPluginsTask.computeSequentially(PluginManager.java:420)
	at com.eviware.soapui.plugins.PluginManager$LoadPluginsTask.compute(PluginManager.java:377)
	at com.eviware.soapui.plugins.PluginManager$LoadPluginsTask.compute(PluginManager.java:382)
	at com.eviware.soapui.plugins.PluginManager$LoadPluginsTask.compute(PluginManager.java:365)
	at java.util.concurrent.RecursiveTask.exec(RecursiveTask.java:94)
	at java.util.concurrent.ForkJoinTask.doExec(ForkJoinTask.java:289)
	at java.util.concurrent.ForkJoinPool$WorkQueue.runTask(ForkJoinPool.java:1056)
	at java.util.concurrent.ForkJoinPool.runWorker(ForkJoinPool.java:1692)
	at java.util.concurrent.ForkJoinWorkerThread.run(ForkJoinWorkerThread.java:172)
2021-03-04 01:35:50,143 ERROR [SoapUI] An error occurred [com.eviware.soapui.plugins.auto.factories.AutoDiscoveryMethodFactory], see error log for details
2021-03-04 01:35:50,146 ERROR [errorlog] java.lang.ClassNotFoundException: com.eviware.soapui.plugins.auto.factories.AutoDiscoveryMethodFactory
java.lang.ClassNotFoundException: com.eviware.soapui.plugins.auto.factories.AutoDiscoveryMethodFactory
	at org.codehaus.plexus.classworlds.strategy.SelfFirstStrategy.loadClass(SelfFirstStrategy.java:50)
	at org.codehaus.plexus.classworlds.realm.ClassRealm.unsynchronizedLoadClass(ClassRealm.java:271)
	at org.codehaus.plexus.classworlds.realm.ClassRealm.loadClass(ClassRealm.java:247)
	at org.codehaus.plexus.classworlds.realm.ClassRealm.loadClass(ClassRealm.java:239)
	at java.lang.Class.forName0(Native Method)
	at java.lang.Class.forName(Class.java:264)
	at com.eviware.soapui.plugins.LoaderBase.loadAutoFactories(LoaderBase.java:113)
	at com.eviware.soapui.plugins.LoaderBase.loadFactories(LoaderBase.java:80)
	at com.eviware.soapui.plugins.PluginLoader.loadPluginFactories(PluginLoader.java:141)
	at com.eviware.soapui.plugins.PluginLoader.loadPlugin(PluginLoader.java:104)
	at com.eviware.soapui.plugins.PluginLoader.loadPlugin(PluginLoader.java:54)
	at com.eviware.soapui.plugins.PluginManager.doInstallPlugin(PluginManager.java:141)
	at com.eviware.soapui.plugins.PluginManager.access$600(PluginManager.java:43)
	at com.eviware.soapui.plugins.PluginManager$LoadPluginsTask.computeSequentially(PluginManager.java:420)
	at com.eviware.soapui.plugins.PluginManager$LoadPluginsTask.compute(PluginManager.java:377)
	at com.eviware.soapui.plugins.PluginManager$LoadPluginsTask.compute(PluginManager.java:365)
	at java.util.concurrent.RecursiveTask.exec(RecursiveTask.java:94)
	at java.util.concurrent.ForkJoinTask.doExec(ForkJoinTask.java:289)
	at java.util.concurrent.ForkJoinPool$WorkQueue.runTask(ForkJoinPool.java:1056)
	at java.util.concurrent.ForkJoinPool.runWorker(ForkJoinPool.java:1692)
	at java.util.concurrent.ForkJoinWorkerThread.run(ForkJoinWorkerThread.java:172)
2021-03-04 01:35:50,234 ERROR [SoapUI] An error occurred [com.eviware.soapui.plugins.auto.factories.AutoDiscoveryMethodFactory], see error log for details
2021-03-04 01:35:50,236 ERROR [errorlog] java.lang.ClassNotFoundException: com.eviware.soapui.plugins.auto.factories.AutoDiscoveryMethodFactory
java.lang.ClassNotFoundException: com.eviware.soapui.plugins.auto.factories.AutoDiscoveryMethodFactory
	at org.codehaus.plexus.classworlds.strategy.SelfFirstStrategy.loadClass(SelfFirstStrategy.java:50)
	at org.codehaus.plexus.classworlds.realm.ClassRealm.unsynchronizedLoadClass(ClassRealm.java:271)
	at org.codehaus.plexus.classworlds.realm.ClassRealm.loadClass(ClassRealm.java:247)
	at org.codehaus.plexus.classworlds.realm.ClassRealm.loadClass(ClassRealm.java:239)
	at java.lang.Class.forName0(Native Method)
	at java.lang.Class.forName(Class.java:264)
	at com.eviware.soapui.plugins.LoaderBase.loadAutoFactories(LoaderBase.java:113)
	at com.eviware.soapui.plugins.LoaderBase.loadFactories(LoaderBase.java:80)
	at com.eviware.soapui.plugins.PluginLoader.loadPluginFactories(PluginLoader.java:141)
	at com.eviware.soapui.plugins.PluginLoader.loadPlugin(PluginLoader.java:104)
	at com.eviware.soapui.plugins.PluginLoader.loadPlugin(PluginLoader.java:54)
	at com.eviware.soapui.plugins.PluginManager.doInstallPlugin(PluginManager.java:141)
	at com.eviware.soapui.plugins.PluginManager.access$600(PluginManager.java:43)
	at com.eviware.soapui.plugins.PluginManager$LoadPluginsTask.computeSequentially(PluginManager.java:420)
	at com.eviware.soapui.plugins.PluginManager$LoadPluginsTask.compute(PluginManager.java:377)
	at com.eviware.soapui.plugins.PluginManager$LoadPluginsTask.compute(PluginManager.java:382)
	at com.eviware.soapui.plugins.PluginManager$LoadPluginsTask.compute(PluginManager.java:365)
	at java.util.concurrent.RecursiveTask.exec(RecursiveTask.java:94)
	at java.util.concurrent.ForkJoinTask.doExec(ForkJoinTask.java:289)
	at java.util.concurrent.ForkJoinPool$WorkQueue.runTask(ForkJoinPool.java:1056)
	at java.util.concurrent.ForkJoinPool.runWorker(ForkJoinPool.java:1692)
	at java.util.concurrent.ForkJoinWorkerThread.run(ForkJoinWorkerThread.java:172)
2021-03-04 01:35:50,428 INFO  [PluginManager] Adding plugin from [C:\Users\IBMADMIN\.soapuios\plugins\readyapi-swaggerhub-plugin-1.0.jar]
2021-03-04 01:35:50,946 ERROR [SoapUI] An error occurred [com.eviware.soapui.plugins.auto.factories.AutoImportMethodFactory], see error log for details
2021-03-04 01:35:50,947 ERROR [errorlog] java.lang.ClassNotFoundException: com.eviware.soapui.plugins.auto.factories.AutoImportMethodFactory
java.lang.ClassNotFoundException: com.eviware.soapui.plugins.auto.factories.AutoImportMethodFactory
	at org.codehaus.plexus.classworlds.strategy.SelfFirstStrategy.loadClass(SelfFirstStrategy.java:50)
	at org.codehaus.plexus.classworlds.realm.ClassRealm.unsynchronizedLoadClass(ClassRealm.java:271)
	at org.codehaus.plexus.classworlds.realm.ClassRealm.loadClass(ClassRealm.java:247)
	at org.codehaus.plexus.classworlds.realm.ClassRealm.loadClass(ClassRealm.java:239)
	at java.lang.Class.forName0(Native Method)
	at java.lang.Class.forName(Class.java:264)
	at com.eviware.soapui.plugins.LoaderBase.loadAutoFactories(LoaderBase.java:113)
	at com.eviware.soapui.plugins.LoaderBase.loadFactories(LoaderBase.java:80)
	at com.eviware.soapui.plugins.PluginLoader.loadPluginFactories(PluginLoader.java:141)
	at com.eviware.soapui.plugins.PluginLoader.loadPlugin(PluginLoader.java:104)
	at com.eviware.soapui.plugins.PluginLoader.loadPlugin(PluginLoader.java:54)
	at com.eviware.soapui.plugins.PluginManager.doInstallPlugin(PluginManager.java:141)
	at com.eviware.soapui.plugins.PluginManager.access$600(PluginManager.java:43)
	at com.eviware.soapui.plugins.PluginManager$LoadPluginsTask.computeSequentially(PluginManager.java:420)
	at com.eviware.soapui.plugins.PluginManager$LoadPluginsTask.compute(PluginManager.java:377)
	at com.eviware.soapui.plugins.PluginManager$LoadPluginsTask.compute(PluginManager.java:382)
	at com.eviware.soapui.plugins.PluginManager$LoadPluginsTask.compute(PluginManager.java:365)
	at java.util.concurrent.RecursiveTask.exec(RecursiveTask.java:94)
	at java.util.concurrent.ForkJoinTask.doExec(ForkJoinTask.java:289)
	at java.util.concurrent.ForkJoinPool$WorkQueue.runTask(ForkJoinPool.java:1056)
	at java.util.concurrent.ForkJoinPool.runWorker(ForkJoinPool.java:1692)
	at java.util.concurrent.ForkJoinWorkerThread.run(ForkJoinWorkerThread.java:172)
2021-03-04 01:35:51,043 ERROR [SoapUI] An error occurred [com.eviware.soapui.plugins.auto.factories.AutoDiscoveryMethodFactory], see error log for details
2021-03-04 01:35:51,044 ERROR [errorlog] java.lang.ClassNotFoundException: com.eviware.soapui.plugins.auto.factories.AutoDiscoveryMethodFactory
java.lang.ClassNotFoundException: com.eviware.soapui.plugins.auto.factories.AutoDiscoveryMethodFactory
	at org.codehaus.plexus.classworlds.strategy.SelfFirstStrategy.loadClass(SelfFirstStrategy.java:50)
	at org.codehaus.plexus.classworlds.realm.ClassRealm.unsynchronizedLoadClass(ClassRealm.java:271)
	at org.codehaus.plexus.classworlds.realm.ClassRealm.loadClass(ClassRealm.java:247)
	at org.codehaus.plexus.classworlds.realm.ClassRealm.loadClass(ClassRealm.java:239)
	at java.lang.Class.forName0(Native Method)
	at java.lang.Class.forName(Class.java:264)
	at com.eviware.soapui.plugins.LoaderBase.loadAutoFactories(LoaderBase.java:113)
	at com.eviware.soapui.plugins.LoaderBase.loadFactories(LoaderBase.java:80)
	at com.eviware.soapui.plugins.PluginLoader.loadPluginFactories(PluginLoader.java:141)
	at com.eviware.soapui.plugins.PluginLoader.loadPlugin(PluginLoader.java:104)
	at com.eviware.soapui.plugins.PluginLoader.loadPlugin(PluginLoader.java:54)
	at com.eviware.soapui.plugins.PluginManager.doInstallPlugin(PluginManager.java:141)
	at com.eviware.soapui.plugins.PluginManager.access$600(PluginManager.java:43)
	at com.eviware.soapui.plugins.PluginManager$LoadPluginsTask.computeSequentially(PluginManager.java:420)
	at com.eviware.soapui.plugins.PluginManager$LoadPluginsTask.compute(PluginManager.java:377)
	at com.eviware.soapui.plugins.PluginManager$LoadPluginsTask.compute(PluginManager.java:382)
	at com.eviware.soapui.plugins.PluginManager$LoadPluginsTask.compute(PluginManager.java:365)
	at java.util.concurrent.RecursiveTask.exec(RecursiveTask.java:94)
	at java.util.concurrent.ForkJoinTask.doExec(ForkJoinTask.java:289)
	at java.util.concurrent.ForkJoinPool$WorkQueue.runTask(ForkJoinPool.java:1056)
	at java.util.concurrent.ForkJoinPool.runWorker(ForkJoinPool.java:1692)
	at java.util.concurrent.ForkJoinWorkerThread.run(ForkJoinWorkerThread.java:172)
2021-03-04 01:35:51,151 INFO  [PluginManager] 5 plugins loaded in 4554 ms
2021-03-04 01:35:51,152 INFO  [DefaultSoapUICore] All plugins loaded
2021-03-04 01:35:52,983 INFO  [WsdlProject] Loaded project from [file:/C:/Users/IBMADMIN/Documents/Python%20training/API/API%20Project/Soap%20Project/my-app/Soap-Project-soapui-project.xml]
2021-03-04 01:35:52,999 INFO  [SoapUITestCaseRunner] Running SoapUI tests in project [Soap Project]
2021-03-04 01:35:53,007 INFO  [SoapUITestCaseRunner] Running Project [Soap Project], runType = SEQUENTIAL
2021-03-04 01:35:53,052 INFO  [SoapUITestCaseRunner] Running SoapUI testcase [Customer Functional Testing]
2021-03-04 01:35:53,088 INFO  [SoapUITestCaseRunner] running step [customerInfo]
2021-03-04 01:35:53,206 INFO  [SoapUITestCaseRunner] running step [Property Transfer]
2021-03-04 01:35:53,779 INFO  [SoapUITestCaseRunner] running step [CreateNewCustomer]
2021-03-04 01:35:55,705 INFO  [SoapUITestCaseRunner] Assertion [SOAP Response] has status VALID
2021-03-04 01:35:55,705 INFO  [SoapUITestCaseRunner] Assertion [Script Assertion] has status VALID
2021-03-04 01:35:55,706 INFO  [SoapUITestCaseRunner] running step [Id transfer]
2021-03-04 01:35:55,713 INFO  [SoapUITestCaseRunner] running step [GetCustomerById]
2021-03-04 01:35:56,495 INFO  [SoapUITestCaseRunner] Assertion [SOAP Response] has status VALID
2021-03-04 01:35:56,496 INFO  [SoapUITestCaseRunner] running step [Id transfer 1]
2021-03-04 01:35:56,519 INFO  [SoapUITestCaseRunner] running step [GetCustomerList]
2021-03-04 01:35:57,416 INFO  [SoapUITestCaseRunner] Assertion [SOAP Response] has status VALID
2021-03-04 01:35:57,430 INFO  [SoapUITestCaseRunner] running step [Id transfer 2]
2021-03-04 01:35:57,450 INFO  [SoapUITestCaseRunner] running step [DeleteCustomerById]
2021-03-04 01:35:58,232 INFO  [SoapUITestCaseRunner] Assertion [SOAP Response] has status VALID
2021-03-04 01:35:58,240 INFO  [SoapUITestCaseRunner] Finished running SoapUI testcase [Customer Functional Testing], time taken: 5087ms, status: FINISHED
2021-03-04 01:35:58,249 INFO  [SoapUITestCaseRunner] Running SoapUI testcase [Customer System Testing]
2021-03-04 01:35:58,249 INFO  [SoapUITestCaseRunner] running step [DataDriven Testing]
2021-03-04 01:35:59,332 INFO  [log] The no of Rows are 5
2021-03-04 01:35:59,334 INFO  [log] The no of Columns are 3
2021-03-04 01:35:59,352 INFO  [log] firstname
2021-03-04 01:35:59,353 INFO  [log] lastname
2021-03-04 01:35:59,355 INFO  [log] email
2021-03-04 01:35:59,478 INFO  [SoapUITestCaseRunner] Running SoapUI testcase [Customer Functional Testing]
2021-03-04 01:35:59,481 INFO  [SoapUITestCaseRunner] running step [customerInfo]
2021-03-04 01:35:59,483 INFO  [SoapUITestCaseRunner] running step [Property Transfer]
2021-03-04 01:35:59,494 INFO  [SoapUITestCaseRunner] running step [CreateNewCustomer]
2021-03-04 01:36:00,469 INFO  [SoapUITestCaseRunner] Assertion [SOAP Response] has status VALID
2021-03-04 01:36:00,472 INFO  [SoapUITestCaseRunner] Assertion [Script Assertion] has status VALID
2021-03-04 01:36:00,476 INFO  [SoapUITestCaseRunner] running step [Id transfer]
2021-03-04 01:36:00,493 INFO  [SoapUITestCaseRunner] running step [GetCustomerById]
2021-03-04 01:36:01,326 INFO  [SoapUITestCaseRunner] Assertion [SOAP Response] has status VALID
2021-03-04 01:36:01,336 INFO  [SoapUITestCaseRunner] running step [Id transfer 1]
2021-03-04 01:36:01,391 INFO  [SoapUITestCaseRunner] running step [GetCustomerList]
2021-03-04 01:36:02,269 INFO  [SoapUITestCaseRunner] Assertion [SOAP Response] has status VALID
2021-03-04 01:36:02,270 INFO  [SoapUITestCaseRunner] running step [Id transfer 2]
2021-03-04 01:36:02,279 INFO  [SoapUITestCaseRunner] running step [DeleteCustomerById]
2021-03-04 01:36:03,152 INFO  [SoapUITestCaseRunner] Assertion [SOAP Response] has status VALID
2021-03-04 01:36:03,152 INFO  [SoapUITestCaseRunner] Finished running SoapUI testcase [Customer Functional Testing], time taken: 3623ms, status: FINISHED
2021-03-04 01:36:03,166 INFO  [log] The status: FINISHED
2021-03-04 01:36:03,168 INFO  [log] The time taken: 3623 ms
2021-03-04 01:36:03,196 INFO  [log] The Number of steps: 9
2021-03-04 01:36:03,200 INFO  [log] Customer1
2021-03-04 01:36:03,201 INFO  [log] flipkart
2021-03-04 01:36:03,203 INFO  [log] Customer1@gmail.com
2021-03-04 01:36:03,205 INFO  [SoapUITestCaseRunner] Running SoapUI testcase [Customer Functional Testing]
2021-03-04 01:36:03,206 INFO  [SoapUITestCaseRunner] running step [customerInfo]
2021-03-04 01:36:03,208 INFO  [SoapUITestCaseRunner] running step [Property Transfer]
2021-03-04 01:36:03,220 INFO  [SoapUITestCaseRunner] running step [CreateNewCustomer]
2021-03-04 01:36:04,134 INFO  [SoapUITestCaseRunner] Assertion [SOAP Response] has status VALID
2021-03-04 01:36:04,136 INFO  [SoapUITestCaseRunner] Assertion [Script Assertion] has status VALID
2021-03-04 01:36:04,138 INFO  [SoapUITestCaseRunner] running step [Id transfer]
2021-03-04 01:36:04,154 INFO  [SoapUITestCaseRunner] running step [GetCustomerById]
2021-03-04 01:36:04,944 INFO  [SoapUITestCaseRunner] Assertion [SOAP Response] has status VALID
2021-03-04 01:36:04,945 INFO  [SoapUITestCaseRunner] running step [Id transfer 1]
2021-03-04 01:36:04,949 INFO  [SoapUITestCaseRunner] running step [GetCustomerList]
2021-03-04 01:36:05,867 INFO  [SoapUITestCaseRunner] Assertion [SOAP Response] has status VALID
2021-03-04 01:36:05,867 INFO  [SoapUITestCaseRunner] running step [Id transfer 2]
2021-03-04 01:36:05,872 INFO  [SoapUITestCaseRunner] running step [DeleteCustomerById]
2021-03-04 01:36:06,684 INFO  [SoapUITestCaseRunner] Assertion [SOAP Response] has status VALID
2021-03-04 01:36:06,685 INFO  [SoapUITestCaseRunner] Finished running SoapUI testcase [Customer Functional Testing], time taken: 3456ms, status: FINISHED
2021-03-04 01:36:06,690 INFO  [log] The status: FINISHED
2021-03-04 01:36:06,692 INFO  [log] The time taken: 3456 ms
2021-03-04 01:36:06,693 INFO  [log] The Number of steps: 9
2021-03-04 01:36:06,695 INFO  [log] Customer2
2021-03-04 01:36:06,695 INFO  [log] amazon
2021-03-04 01:36:06,695 INFO  [log] Customer2@gmail.com
2021-03-04 01:36:06,697 INFO  [SoapUITestCaseRunner] Running SoapUI testcase [Customer Functional Testing]
2021-03-04 01:36:06,697 INFO  [SoapUITestCaseRunner] running step [customerInfo]
2021-03-04 01:36:06,698 INFO  [SoapUITestCaseRunner] running step [Property Transfer]
2021-03-04 01:36:06,705 INFO  [SoapUITestCaseRunner] running step [CreateNewCustomer]
2021-03-04 01:36:07,621 INFO  [SoapUITestCaseRunner] Assertion [SOAP Response] has status VALID
2021-03-04 01:36:07,621 INFO  [SoapUITestCaseRunner] Assertion [Script Assertion] has status VALID
2021-03-04 01:36:07,624 INFO  [SoapUITestCaseRunner] running step [Id transfer]
2021-03-04 01:36:07,640 INFO  [SoapUITestCaseRunner] running step [GetCustomerById]
2021-03-04 01:36:08,440 INFO  [SoapUITestCaseRunner] Assertion [SOAP Response] has status VALID
2021-03-04 01:36:08,442 INFO  [SoapUITestCaseRunner] running step [Id transfer 1]
2021-03-04 01:36:08,447 INFO  [SoapUITestCaseRunner] running step [GetCustomerList]
2021-03-04 01:36:09,329 INFO  [SoapUITestCaseRunner] Assertion [SOAP Response] has status VALID
2021-03-04 01:36:09,331 INFO  [SoapUITestCaseRunner] running step [Id transfer 2]
2021-03-04 01:36:09,342 INFO  [SoapUITestCaseRunner] running step [DeleteCustomerById]
2021-03-04 01:36:10,134 INFO  [SoapUITestCaseRunner] Assertion [SOAP Response] has status VALID
2021-03-04 01:36:10,135 INFO  [SoapUITestCaseRunner] Finished running SoapUI testcase [Customer Functional Testing], time taken: 3415ms, status: FINISHED
2021-03-04 01:36:10,137 INFO  [log] The status: FINISHED
2021-03-04 01:36:10,137 INFO  [log] The time taken: 3415 ms
2021-03-04 01:36:10,138 INFO  [log] The Number of steps: 9
2021-03-04 01:36:10,139 INFO  [log] Customer3
2021-03-04 01:36:10,139 INFO  [log] myntra
2021-03-04 01:36:10,140 INFO  [log] Customer3@gmail.com
2021-03-04 01:36:10,143 INFO  [SoapUITestCaseRunner] Running SoapUI testcase [Customer Functional Testing]
2021-03-04 01:36:10,144 INFO  [SoapUITestCaseRunner] running step [customerInfo]
2021-03-04 01:36:10,147 INFO  [SoapUITestCaseRunner] running step [Property Transfer]
2021-03-04 01:36:10,154 INFO  [SoapUITestCaseRunner] running step [CreateNewCustomer]
2021-03-04 01:36:11,396 INFO  [SoapUITestCaseRunner] Assertion [SOAP Response] has status VALID
2021-03-04 01:36:11,398 INFO  [SoapUITestCaseRunner] Assertion [Script Assertion] has status VALID
2021-03-04 01:36:11,399 INFO  [SoapUITestCaseRunner] running step [Id transfer]
2021-03-04 01:36:11,405 INFO  [SoapUITestCaseRunner] running step [GetCustomerById]
2021-03-04 01:36:12,238 INFO  [SoapUITestCaseRunner] Assertion [SOAP Response] has status VALID
2021-03-04 01:36:12,239 INFO  [SoapUITestCaseRunner] running step [Id transfer 1]
2021-03-04 01:36:12,250 INFO  [SoapUITestCaseRunner] running step [GetCustomerList]
2021-03-04 01:36:13,152 INFO  [SoapUITestCaseRunner] Assertion [SOAP Response] has status VALID
2021-03-04 01:36:13,156 INFO  [SoapUITestCaseRunner] running step [Id transfer 2]
2021-03-04 01:36:13,160 INFO  [SoapUITestCaseRunner] running step [DeleteCustomerById]
2021-03-04 01:36:13,967 INFO  [SoapUITestCaseRunner] Assertion [SOAP Response] has status VALID
2021-03-04 01:36:13,969 INFO  [SoapUITestCaseRunner] Finished running SoapUI testcase [Customer Functional Testing], time taken: 3800ms, status: FINISHED
2021-03-04 01:36:13,979 INFO  [log] The status: FINISHED
2021-03-04 01:36:13,982 INFO  [log] The time taken: 3800 ms
2021-03-04 01:36:13,988 INFO  [log] The Number of steps: 9
2021-03-04 01:36:13,991 INFO  [log] Customer4
2021-03-04 01:36:13,993 INFO  [log] snapdeal
2021-03-04 01:36:13,996 INFO  [log] Customer4@gmail.com
2021-03-04 01:36:13,999 INFO  [SoapUITestCaseRunner] Running SoapUI testcase [Customer Functional Testing]
2021-03-04 01:36:14,000 INFO  [SoapUITestCaseRunner] running step [customerInfo]
2021-03-04 01:36:14,002 INFO  [SoapUITestCaseRunner] running step [Property Transfer]
2021-03-04 01:36:14,019 INFO  [SoapUITestCaseRunner] running step [CreateNewCustomer]
2021-03-04 01:36:15,285 INFO  [SoapUITestCaseRunner] Assertion [SOAP Response] has status VALID
2021-03-04 01:36:15,286 INFO  [SoapUITestCaseRunner] Assertion [Script Assertion] has status VALID
2021-03-04 01:36:15,287 INFO  [SoapUITestCaseRunner] running step [Id transfer]
2021-03-04 01:36:15,291 INFO  [SoapUITestCaseRunner] running step [GetCustomerById]
2021-03-04 01:36:16,426 INFO  [SoapUITestCaseRunner] Assertion [SOAP Response] has status VALID
2021-03-04 01:36:16,426 INFO  [SoapUITestCaseRunner] running step [Id transfer 1]
2021-03-04 01:36:16,431 INFO  [SoapUITestCaseRunner] running step [GetCustomerList]
2021-03-04 01:36:17,444 INFO  [SoapUITestCaseRunner] Assertion [SOAP Response] has status VALID
2021-03-04 01:36:17,446 INFO  [SoapUITestCaseRunner] running step [Id transfer 2]
2021-03-04 01:36:17,469 INFO  [SoapUITestCaseRunner] running step [DeleteCustomerById]
2021-03-04 01:36:18,369 INFO  [SoapUITestCaseRunner] Assertion [SOAP Response] has status VALID
2021-03-04 01:36:18,370 INFO  [SoapUITestCaseRunner] Finished running SoapUI testcase [Customer Functional Testing], time taken: 4341ms, status: FINISHED
2021-03-04 01:36:18,382 INFO  [log] The status: FINISHED
2021-03-04 01:36:18,383 INFO  [log] The time taken: 4341 ms
2021-03-04 01:36:18,385 INFO  [log] The Number of steps: 9
2021-03-04 01:36:18,386 INFO  [SoapUITestCaseRunner] Finished running SoapUI testcase [Customer System Testing], time taken: 20135ms, status: FINISHED
2021-03-04 01:36:18,393 INFO  [SoapUITestCaseRunner] Project [Soap Project] finished with status [FINISHED] in 25375ms
2021-03-04 01:36:23,344 WARN  [Tools] Could not delete temporary directory C:\Users\IBMADMIN\AppData\Local\Temp\8637bfae-92c9-42ec-af9c-c9edc12df0e6
2021-03-04 01:36:23,353 WARN  [Tools] Could not delete temporary directory C:\Users\IBMADMIN\AppData\Local\Temp\addac34a-135f-482e-8820-9d1d5d6af2a3
